<?xml version="1.0" encoding="UTF-8"?>
<!-- Generated by org.testng.reporters.JUnitReportReporter -->
<testsuite hostname="niveus-HP-EliteBook-820-G3" failures="0" tests="1" name="com.test.LogintTest" time="42.477" errors="0" timestamp="2022-01-12T20:46:53 IST" skipped="0">
  <testcase classname="com.test.LogintTest" name="Sanity_for_RDTest" time="42.477"/>
  <system-out/>
</testsuite> <!-- com.test.LogintTest -->
