<?xml version="1.0" encoding="UTF-8"?>
<!-- Generated by org.testng.reporters.JUnitReportReporter -->
<testsuite hostname="niveus-HP-EliteBook-820-G3" failures="0" tests="3" name="com.test.MultiBrowser" time="20.255" errors="0" timestamp="2022-03-14T15:10:05 IST" skipped="0">
  <testcase classname="com.test.MultiBrowser" name="demo1" time="5.895"/>
  <system-out/>
  <testcase classname="com.test.MultiBrowser" name="demo1" time="7.047"/>
  <system-out/>
  <testcase classname="com.test.MultiBrowser" name="demo1" time="7.313"/>
  <system-out/>
</testsuite> <!-- com.test.MultiBrowser -->
