<?xml version="1.0" encoding="UTF-8"?>
<!-- Generated by org.testng.reporters.JUnitReportReporter -->
<testsuite hostname="niveus-HP-EliteBook-820-G3" failures="0" tests="2" name="com.test.Demo1" time="40.959" errors="0" timestamp="2022-03-14T15:05:44 IST" skipped="0">
  <testcase classname="com.test.Demo1" name="test2" time="18.371"/>
  <system-out/>
  <testcase classname="com.test.Demo1" name="test1" time="22.588"/>
  <system-out/>
</testsuite> <!-- com.test.Demo1 -->
